Unable to capture context for thread 7852 in process 9696, can not generate back trace
Exception at PC 0x00007FFB95447788
Exception at PC 0x00007FFB468CBB93
Printing stacktrace...

Unable to capture context for thread 6700 in process 9696, can not generate back trace
Exception at PC 0x00007FFB95447788
Unable to capture context for thread 8660 in process 9696, can not generate back trace
Exception at PC 0x00007FFB95447788
Exception at PC 0x00007FFB95447788
Exception at PC 0x00007FFB95447788
Exception at PC 0x00007FFB95447788
Exception at PC 0x00007FFB95447788
Exception at PC 0x00007FFB95447788
Exception at PC 0x00007FFB95447788
Exception at PC 0x00007FFB95447788
Exception at PC 0x00007FFB95447788
Exception at PC 0x00007FFB95447788
Exception at PC 0x00007FFB95447788
Exception at PC 0x00007FFB95447788
Exception at PC 0x00007FFB95447788
Exception at PC 0x00007FFB95447788
Exception at PC 0x00007FFB95447788
[0]  [0x00007FFB468CBB93]
[1]  [0x00007FFB468CBB93]
[2]  [0x00007FFB468CB4A1]
[3]  [0x00007FFB468CB3EF]
[4]  [0x00007FFB468B19FE]
[5]  [0x00007FFB468B0ED1]
[6]  [0x00007FFB468B0D76]
[7]  [0x00007FFB468579F6]
[8]  [0x00007FFB46847AFB]
[9]  [0x00007FFB4696E90A]
[10]  [0x00007FFB46989F87]
[11]  [0x00007FFB4698A05F]
[12] (BaseThreadInitThunk+0x14) [0x00007FFB98318364]
[13] (RtlUserThreadStart+0x21) [0x00007FFB98B25E91]
Done
