Replace Part C44 cap_unpol_1608_1uF in C:\Users\medlem\Documents\GitHub\dmpro16\documents\deliveries\pcb\dmpro16-pcb-v1\dmpro16-pcb-v1-PowerSupply.SchDoc with cap_unpol_1608_1uF from capacitors.SchLib
Replace Part C45 cap_unpol_1608_0.01uF in C:\Users\medlem\Documents\GitHub\dmpro16\documents\deliveries\pcb\dmpro16-pcb-v1\dmpro16-pcb-v1-PowerSupply.SchDoc with cap_unpol_1608_0.01uF from capacitors.SchLib
Replace Part C46 cap_unpol_1608_1uF in C:\Users\medlem\Documents\GitHub\dmpro16\documents\deliveries\pcb\dmpro16-pcb-v1\dmpro16-pcb-v1-PowerSupply.SchDoc with cap_unpol_1608_1uF from capacitors.SchLib
Replace Part C47 cap_unpol_1608_1uF in C:\Users\medlem\Documents\GitHub\dmpro16\documents\deliveries\pcb\dmpro16-pcb-v1\dmpro16-pcb-v1-PowerSupply.SchDoc with cap_unpol_1608_1uF from capacitors.SchLib
Replace Part C48 cap_unpol_1608_0.01uF in C:\Users\medlem\Documents\GitHub\dmpro16\documents\deliveries\pcb\dmpro16-pcb-v1\dmpro16-pcb-v1-PowerSupply.SchDoc with cap_unpol_1608_0.01uF from capacitors.SchLib
Replace Part C49 cap_unpol_1608_1uF in C:\Users\medlem\Documents\GitHub\dmpro16\documents\deliveries\pcb\dmpro16-pcb-v1\dmpro16-pcb-v1-PowerSupply.SchDoc with cap_unpol_1608_1uF from capacitors.SchLib
Replace Part C50 cap_unpol_1608_1uF in C:\Users\medlem\Documents\GitHub\dmpro16\documents\deliveries\pcb\dmpro16-pcb-v1\dmpro16-pcb-v1-PowerSupply.SchDoc with cap_unpol_1608_1uF from capacitors.SchLib
Replace Part C51 cap_unpol_1608_1uF in C:\Users\medlem\Documents\GitHub\dmpro16\documents\deliveries\pcb\dmpro16-pcb-v1\dmpro16-pcb-v1-PowerSupply.SchDoc with cap_unpol_1608_1uF from capacitors.SchLib
Replace Part C67 cap_unpol_1608_0.1uF in C:\Users\medlem\Documents\GitHub\dmpro16\documents\deliveries\pcb\dmpro16-pcb-v1\dmpro16-pcb-v1-PowerSupply.SchDoc with cap_unpol_1608_0.1uF from capacitors.SchLib
Replace Part C68 cap_unpol_1608_0.1uF in C:\Users\medlem\Documents\GitHub\dmpro16\documents\deliveries\pcb\dmpro16-pcb-v1\dmpro16-pcb-v1-PowerSupply.SchDoc with cap_unpol_1608_0.1uF from capacitors.SchLib
Replace Part C69 cap_unpol_1608_0.1uF in C:\Users\medlem\Documents\GitHub\dmpro16\documents\deliveries\pcb\dmpro16-pcb-v1\dmpro16-pcb-v1-PowerSupply.SchDoc with cap_unpol_1608_0.1uF from capacitors.SchLib
Replace Part C70 cap_unpol_1608_0.1uF in C:\Users\medlem\Documents\GitHub\dmpro16\documents\deliveries\pcb\dmpro16-pcb-v1\dmpro16-pcb-v1-PowerSupply.SchDoc with cap_unpol_1608_0.1uF from capacitors.SchLib
Replace Part R11 res_currentsense in C:\Users\medlem\Documents\GitHub\dmpro16\documents\deliveries\pcb\dmpro16-pcb-v1\dmpro16-pcb-v1-PowerSupply.SchDoc with res_currentsense from resistors.SchLib
Replace Part R12 res_currentsense in C:\Users\medlem\Documents\GitHub\dmpro16\documents\deliveries\pcb\dmpro16-pcb-v1\dmpro16-pcb-v1-PowerSupply.SchDoc with res_currentsense from resistors.SchLib
Replace Part R13 res_currentsense in C:\Users\medlem\Documents\GitHub\dmpro16\documents\deliveries\pcb\dmpro16-pcb-v1\dmpro16-pcb-v1-PowerSupply.SchDoc with res_currentsense from resistors.SchLib
Replace Part R14 res_currentsense in C:\Users\medlem\Documents\GitHub\dmpro16\documents\deliveries\pcb\dmpro16-pcb-v1\dmpro16-pcb-v1-PowerSupply.SchDoc with res_currentsense from resistors.SchLib
Replace Part U3 ic_vreg_ldo_1v0_ldk130m10r in C:\Users\medlem\Documents\GitHub\dmpro16\documents\deliveries\pcb\dmpro16-pcb-v1\dmpro16-pcb-v1-PowerSupply.SchDoc with ic_vreg_ldo_1v0_ldk130m10r from semiconductors.SchLib
Replace Part U4 ic_vreg_ldo_1v8_ldk130m18r in C:\Users\medlem\Documents\GitHub\dmpro16\documents\deliveries\pcb\dmpro16-pcb-v1\dmpro16-pcb-v1-PowerSupply.SchDoc with ic_vreg_ldo_1v8_ldk130m18r from semiconductors.SchLib
Replace Part U5 ic_vreg_ldo_3v3_ldk220m33r in C:\Users\medlem\Documents\GitHub\dmpro16\documents\deliveries\pcb\dmpro16-pcb-v1\dmpro16-pcb-v1-PowerSupply.SchDoc with ic_vreg_ldo_3v3_ldk220m33r from semiconductors.SchLib
Replace Part U6 ic_currentsense_ina196/197/198 in C:\Users\medlem\Documents\GitHub\dmpro16\documents\deliveries\pcb\dmpro16-pcb-v1\dmpro16-pcb-v1-PowerSupply.SchDoc with ic_currentsense_ina196/197/198 from semiconductors.SchLib
Replace Part U7 ic_currentsense_ina196/197/198 in C:\Users\medlem\Documents\GitHub\dmpro16\documents\deliveries\pcb\dmpro16-pcb-v1\dmpro16-pcb-v1-PowerSupply.SchDoc with ic_currentsense_ina196/197/198 from semiconductors.SchLib
Replace Part U8 ic_currentsense_ina196/197/198 in C:\Users\medlem\Documents\GitHub\dmpro16\documents\deliveries\pcb\dmpro16-pcb-v1\dmpro16-pcb-v1-PowerSupply.SchDoc with ic_currentsense_ina196/197/198 from semiconductors.SchLib
Replace Part U9 ic_currentsense_ina196/197/198 in C:\Users\medlem\Documents\GitHub\dmpro16\documents\deliveries\pcb\dmpro16-pcb-v1\dmpro16-pcb-v1-PowerSupply.SchDoc with ic_currentsense_ina196/197/198 from semiconductors.SchLib
